<?xml version="1.0" encoding="UTF-8"?>
<!-- Generated by org.testng.reporters.JUnitXMLReporter -->
<testsuite hostname="INBLL000516" ignored="33" name="Default test" tests="1" failures="1" timestamp="2022-01-26T17:18:14 IST" time="0.47" errors="0">
  <testcase name="RegistertestRegisterPager" time="0.007" classname="com.psl.OpenCart.Tests.TestFinalModules">
    <failure type="java.lang.NullPointerException">
      <![CDATA[java.lang.NullPointerException
at com.psl.OpenCart.Tests.TestFinalModules.RegistertestRegisterPager(TestFinalModules.java:69)
at sun.reflect.NativeMethodAccessorImpl.invoke0(Native Method)
at sun.reflect.NativeMethodAccessorImpl.invoke(NativeMethodAccessorImpl.java:62)
at sun.reflect.DelegatingMethodAccessorImpl.invoke(DelegatingMethodAccessorImpl.java:43)
at java.lang.reflect.Method.invoke(Method.java:498)
at org.testng.internal.MethodInvocationHelper.invokeMethod(MethodInvocationHelper.java:133)
at org.testng.internal.TestInvoker.invokeMethod(TestInvoker.java:598)
at org.testng.internal.TestInvoker.invokeTestMethod(TestInvoker.java:173)
at org.testng.internal.MethodRunner.runInSequence(MethodRunner.java:46)
at org.testng.internal.TestInvoker$MethodInvocationAgent.invoke(TestInvoker.java:824)
at org.testng.internal.TestInvoker.invokeTestMethods(TestInvoker.java:146)
at org.testng.internal.TestMethodWorker.invokeTestMethods(TestMethodWorker.java:146)
at org.testng.internal.TestMethodWorker.run(TestMethodWorker.java:128)
at java.util.ArrayList.forEach(ArrayList.java:1249)
at org.testng.TestRunner.privateRun(TestRunner.java:794)
at org.testng.TestRunner.run(TestRunner.java:596)
at org.testng.SuiteRunner.runTest(SuiteRunner.java:377)
at org.testng.SuiteRunner.runSequentially(SuiteRunner.java:371)
at org.testng.SuiteRunner.privateRun(SuiteRunner.java:332)
at org.testng.SuiteRunner.run(SuiteRunner.java:276)
at org.testng.SuiteRunnerWorker.runSuite(SuiteRunnerWorker.java:53)
at org.testng.SuiteRunnerWorker.run(SuiteRunnerWorker.java:96)
at org.testng.TestNG.runSuitesSequentially(TestNG.java:1212)
at org.testng.TestNG.runSuitesLocally(TestNG.java:1134)
at org.testng.TestNG.runSuites(TestNG.java:1063)
at org.testng.TestNG.run(TestNG.java:1031)
at org.testng.remote.AbstractRemoteTestNG.run(AbstractRemoteTestNG.java:115)
at org.testng.remote.RemoteTestNG.initAndRun(RemoteTestNG.java:251)
at org.testng.remote.RemoteTestNG.main(RemoteTestNG.java:77)
]]>
    </failure>
  </testcase> <!-- RegistertestRegisterPager -->
  <testcase name="LogoutFunctionTest" time="0.0" classname="com.psl.OpenCart.Tests.TestFinalModules">
    <ignored/>
  </testcase> <!-- LogoutFunctionTest -->
  <testcase name="SearchButtonClickable" time="0.0" classname="com.psl.OpenCart.Tests.TestFinalModules">
    <ignored/>
  </testcase> <!-- SearchButtonClickable -->
  <testcase name="SearchSubCategoryEnable" time="0.0" classname="com.psl.OpenCart.Tests.TestFinalModules">
    <ignored/>
  </testcase> <!-- SearchSubCategoryEnable -->
  <testcase name="verifyPhonesAndPDAsaddingToCart" time="0.0" classname="com.psl.OpenCart.Tests.TestFinalModules">
    <ignored/>
  </testcase> <!-- verifyPhonesAndPDAsaddingToCart -->
  <testcase name="verifyPhonesAndPDAsModuleInHomePage" time="0.0" classname="com.psl.OpenCart.Tests.TestFinalModules">
    <ignored/>
  </testcase> <!-- verifyPhonesAndPDAsModuleInHomePage -->
  <testcase name="ProductSortProductByPrice" time="0.0" classname="com.psl.OpenCart.Tests.TestFinalModules">
    <ignored/>
  </testcase> <!-- ProductSortProductByPrice -->
  <testcase name="RegisteragreeTest" time="0.0" classname="com.psl.OpenCart.Tests.TestFinalModules">
    <ignored/>
  </testcase> <!-- RegisteragreeTest -->
  <testcase name="LoginValidCredentials" time="0.0" classname="com.psl.OpenCart.Tests.TestFinalModules">
    <ignored/>
  </testcase> <!-- LoginValidCredentials -->
  <testcase name="RegisterdriverSetup" time="0.0" classname="com.psl.OpenCart.Tests.TestFinalModules">
    <ignored/>
  </testcase> <!-- RegisterdriverSetup -->
  <testcase name="RegistertestTelephone" time="0.0" classname="com.psl.OpenCart.Tests.TestFinalModules">
    <ignored/>
  </testcase> <!-- RegistertestTelephone -->
  <testcase name="ProductaddToCart" time="0.0" classname="com.psl.OpenCart.Tests.TestFinalModules">
    <ignored/>
  </testcase> <!-- ProductaddToCart -->
  <testcase name="MyAccountreturnRequest" time="0.0" classname="com.psl.OpenCart.Tests.TestFinalModules">
    <ignored/>
  </testcase> <!-- MyAccountreturnRequest -->
  <testcase name="ProductaddToWishlist" time="0.0" classname="com.psl.OpenCart.Tests.TestFinalModules">
    <ignored/>
  </testcase> <!-- ProductaddToWishlist -->
  <testcase name="RegistertestFirstname" time="0.0" classname="com.psl.OpenCart.Tests.TestFinalModules">
    <ignored/>
  </testcase> <!-- RegistertestFirstname -->
  <testcase name="SearchCategoryIdSelected" time="0.0" classname="com.psl.OpenCart.Tests.TestFinalModules">
    <ignored/>
  </testcase> <!-- SearchCategoryIdSelected -->
  <testcase name="MyAccountViewDownloads" time="0.0" classname="com.psl.OpenCart.Tests.TestFinalModules">
    <ignored/>
  </testcase> <!-- MyAccountViewDownloads -->
  <testcase name="MyAccountViewMyOrders" time="0.0" classname="com.psl.OpenCart.Tests.TestFinalModules">
    <ignored/>
  </testcase> <!-- MyAccountViewMyOrders -->
  <testcase name="RegistertestEmail" time="0.0" classname="com.psl.OpenCart.Tests.TestFinalModules">
    <ignored/>
  </testcase> <!-- RegistertestEmail -->
  <testcase name="MyAccountrewardPoints" time="0.0" classname="com.psl.OpenCart.Tests.TestFinalModules">
    <ignored/>
  </testcase> <!-- MyAccountrewardPoints -->
  <testcase name="verifyPhonesAndPDAsIsClickable" time="0.0" classname="com.psl.OpenCart.Tests.TestFinalModules">
    <ignored/>
  </testcase> <!-- verifyPhonesAndPDAsIsClickable -->
  <testcase name="RegistertestLastname" time="0.0" classname="com.psl.OpenCart.Tests.TestFinalModules">
    <ignored/>
  </testcase> <!-- RegistertestLastname -->
  <testcase name="ProductShowingByList" time="0.0" classname="com.psl.OpenCart.Tests.TestFinalModules">
    <ignored/>
  </testcase> <!-- ProductShowingByList -->
  <testcase name="LoginInvalidCredentials" time="0.0" classname="com.psl.OpenCart.Tests.TestFinalModules">
    <ignored/>
  </testcase> <!-- LoginInvalidCredentials -->
  <testcase name="RegistertestPassword" time="0.0" classname="com.psl.OpenCart.Tests.TestFinalModules">
    <ignored/>
  </testcase> <!-- RegistertestPassword -->
  <testcase name="RegisterselectNewsletterTest" time="0.0" classname="com.psl.OpenCart.Tests.TestFinalModules">
    <ignored/>
  </testcase> <!-- RegisterselectNewsletterTest -->
  <testcase name="Mp3FunctionButtonTest" time="0.0" classname="com.psl.OpenCart.Tests.TestFinalModules">
    <ignored/>
  </testcase> <!-- Mp3FunctionButtonTest -->
  <testcase name="RegistercreatedTest" time="0.0" classname="com.psl.OpenCart.Tests.TestFinalModules">
    <ignored/>
  </testcase> <!-- RegistercreatedTest -->
  <testcase name="LoginwithBlankField" time="0.0" classname="com.psl.OpenCart.Tests.TestFinalModules">
    <ignored/>
  </testcase> <!-- LoginwithBlankField -->
  <testcase name="ProductselectProduct" time="0.0" classname="com.psl.OpenCart.Tests.TestFinalModules">
    <ignored/>
  </testcase> <!-- ProductselectProduct -->
  <testcase name="ProductremoveFromWishlist" time="0.0" classname="com.psl.OpenCart.Tests.TestFinalModules">
    <ignored/>
  </testcase> <!-- ProductremoveFromWishlist -->
  <testcase name="RegistertestConfirmPassword" time="0.0" classname="com.psl.OpenCart.Tests.TestFinalModules">
    <ignored/>
  </testcase> <!-- RegistertestConfirmPassword -->
  <testcase name="ProductOpenDesktopModule" time="0.0" classname="com.psl.OpenCart.Tests.TestFinalModules">
    <ignored/>
  </testcase> <!-- ProductOpenDesktopModule -->
  <testcase name="RegistercontinueTest" time="0.0" classname="com.psl.OpenCart.Tests.TestFinalModules">
    <ignored/>
  </testcase> <!-- RegistercontinueTest -->
</testsuite> <!-- Default test -->
