<?xml version="1.0" encoding="UTF-8"?>
<!-- Generated by org.testng.reporters.JUnitXMLReporter -->
<testsuite hostname="INBLL000516" ignored="0" name="Default test" tests="3" failures="0" timestamp="2022-02-01T12:55:01 IST" time="31.007" errors="0">
  <testcase name="verifyComponentsModuleInHomePage" time="0.068" classname="com.psl.OpenCart.Tests.TestComponents"/>
  <testcase name="verifyComponentsIsClickable" time="0.98" classname="com.psl.OpenCart.Tests.TestComponents"/>
  <testcase name="addingToCart" time="21.623" classname="com.psl.OpenCart.Tests.TestComponents"/>
</testsuite> <!-- Default test -->
