<?xml version="1.0" encoding="UTF-8"?>
<testng-results skipped="0" failed="0" ignored="0" total="3" passed="3">
  <reporter-output>
  </reporter-output>
  <suite name="Default suite" duration-ms="31007" started-at="2022-02-01T12:54:28 IST" finished-at="2022-02-01T12:54:59 IST">
    <groups>
    </groups>
    <test name="Default test" duration-ms="31007" started-at="2022-02-01T12:54:28 IST" finished-at="2022-02-01T12:54:59 IST">
      <class name="com.psl.OpenCart.Tests.TestComponents">
        <test-method status="PASS" signature="setUp()[pri:0, instance:com.psl.OpenCart.Tests.TestComponents@31206beb]" name="setUp" is-config="true" duration-ms="8290" started-at="2022-02-01T12:54:28 IST" finished-at="2022-02-01T12:54:37 IST">
          <reporter-output>
          </reporter-output>
        </test-method> <!-- setUp -->
        <test-method status="PASS" signature="verifyComponentsModuleInHomePage()[pri:1, instance:com.psl.OpenCart.Tests.TestComponents@31206beb]" name="verifyComponentsModuleInHomePage" duration-ms="68" started-at="2022-02-01T12:54:37 IST" finished-at="2022-02-01T12:54:37 IST">
          <reporter-output>
          </reporter-output>
        </test-method> <!-- verifyComponentsModuleInHomePage -->
        <test-method status="PASS" signature="verifyComponentsIsClickable()[pri:2, instance:com.psl.OpenCart.Tests.TestComponents@31206beb]" name="verifyComponentsIsClickable" duration-ms="980" started-at="2022-02-01T12:54:37 IST" finished-at="2022-02-01T12:54:38 IST">
          <reporter-output>
          </reporter-output>
        </test-method> <!-- verifyComponentsIsClickable -->
        <test-method status="PASS" signature="addingToCart()[pri:3, instance:com.psl.OpenCart.Tests.TestComponents@31206beb]" name="addingToCart" duration-ms="21623" started-at="2022-02-01T12:54:38 IST" finished-at="2022-02-01T12:54:59 IST">
          <reporter-output>
          </reporter-output>
        </test-method> <!-- addingToCart -->
      </class> <!-- com.psl.OpenCart.Tests.TestComponents -->
    </test> <!-- Default test -->
  </suite> <!-- Default suite -->
</testng-results>
