<?xml version="1.0" encoding="UTF-8"?>
<!-- Generated by org.testng.reporters.JUnitXMLReporter -->
<testsuite hostname="INBLL000516" ignored="0" name="ChromeTest" tests="16" failures="0" timestamp="2022-01-26T18:03:14 IST" time="46.578" errors="0">
  <testcase name="validateContactformValid" time="7.3" classname="com.psl.OpenCart.Tests.TestModules"/>
  <testcase name="validateContactformInvalid" time="9.86" classname="com.psl.OpenCart.Tests.TestModules"/>
  <testcase name="validateLoginInvalidCred" time="1.531" classname="com.psl.OpenCart.Tests.TestModules"/>
  <testcase name="validateLoginBlankCred" time="1.021" classname="com.psl.OpenCart.Tests.TestModules"/>
  <testcase name="validateLoginValidCred" time="1.291" classname="com.psl.OpenCart.Tests.TestModules"/>
  <testcase name="validateCurrencyEurofunc" time="0.738" classname="com.psl.OpenCart.Tests.TestModules"/>
  <testcase name="validateCurrencyPoundfunc" time="0.74" classname="com.psl.OpenCart.Tests.TestModules"/>
  <testcase name="validateCurrencyUSDollarfunc" time="0.731" classname="com.psl.OpenCart.Tests.TestModules"/>
  <testcase name="searchFunction" time="3.404" classname="com.psl.OpenCart.Tests.TestModules"/>
  <testcase name="validatePhonesAndPDAsfunc" time="0.865" classname="com.psl.OpenCart.Tests.TestModules"/>
  <testcase name="validatePhoneSelectfunc" time="3.645" classname="com.psl.OpenCart.Tests.TestModules"/>
  <testcase name="validateShoppingCartEmpty" time="1.483" classname="com.psl.OpenCart.Tests.TestModules"/>
  <testcase name="validateShoppingCartPFUpdateFunc" time="1.751" classname="com.psl.OpenCart.Tests.TestModules"/>
  <testcase name="validateShoppingCartRemoveFunc" time="0.644" classname="com.psl.OpenCart.Tests.TestModules"/>
  <testcase name="validateEditAccInfoValid" time="6.444" classname="com.psl.OpenCart.Tests.TestModules"/>
  <testcase name="LogoutFunction" time="0.568" classname="com.psl.OpenCart.Tests.TestModules"/>
</testsuite> <!-- ChromeTest -->
