<?xml version="1.0" encoding="UTF-8"?>
<!-- Generated by org.testng.reporters.JUnitXMLReporter -->
<testsuite ignored="0" hostname="ARPGL007193" failures="0" tests="2" name="FirefoxTest" time="12.961" errors="0" timestamp="2022-01-16T19:35:02 IST">
  <testcase classname="com.psl.OpenCart.Tests.ShoppingCartPFTest" name="@BeforeTest setup" time="12.844">
    <failure type="java.lang.NullPointerException" message="Cannot invoke &amp;quot;org.openqa.selenium.WebDriver.manage()&amp;quot; because &amp;quot;this.driver&amp;quot; is null">
      <![CDATA[java.lang.NullPointerException: Cannot invoke "org.openqa.selenium.WebDriver.manage()" because "this.driver" is null
at com.psl.OpenCart.Tests.ShoppingCartPFTest.setup(ShoppingCartPFTest.java:79)
at java.base/java.util.concurrent.FutureTask.run(FutureTask.java:264)
at java.base/java.util.concurrent.ThreadPoolExecutor.runWorker(ThreadPoolExecutor.java:1136)
at java.base/java.util.concurrent.ThreadPoolExecutor$Worker.run(ThreadPoolExecutor.java:635)
at java.base/java.lang.Thread.run(Thread.java:833)
... Removed 15 stack frames]]>
    </failure>
  </testcase> <!-- @BeforeTest setup -->
  <testcase classname="com.psl.OpenCart.Tests.ShoppingCartPFTest" name="@AfterTest closeBrowsers" time="-1.642341902208E9">
    <skipped/>
  </testcase> <!-- @AfterTest closeBrowsers -->
  <testcase classname="com.psl.OpenCart.Tests.ShoppingCartPFTest" name="validateShoppingCartPFUpdateFunc" time="0.0">
    <skipped/>
  </testcase> <!-- validateShoppingCartPFUpdateFunc -->
  <testcase classname="com.psl.OpenCart.Tests.ShoppingCartPFTest" name="validateShoppingCartRemoveFunc" time="0.0">
    <skipped/>
  </testcase> <!-- validateShoppingCartRemoveFunc -->
</testsuite> <!-- FirefoxTest -->
